c:\users\ericz\desktop\sortingvisualizer\release\vc142.pdb
c:\users\ericz\desktop\sortingvisualizer\release\selectionsort.obj
c:\users\ericz\desktop\sortingvisualizer\release\quicksort.obj
c:\users\ericz\desktop\sortingvisualizer\release\mergesort.obj
c:\users\ericz\desktop\sortingvisualizer\release\bubblesort.obj
c:\users\ericz\desktop\sortingvisualizer\release\main.obj
c:\users\ericz\desktop\sortingvisualizer\release\insertionsort.obj
c:\users\ericz\desktop\sortingvisualizer\release\heapsort.obj
c:\users\ericz\desktop\sortingvisualizer\release\binaryinsertion.obj
c:\users\ericz\desktop\sortingvisualizer\release\sortingvisualizer.exe
c:\users\ericz\desktop\sortingvisualizer\release\sortingvisualizer.pdb
c:\users\ericz\desktop\sortingvisualizer\release\sortingvisualizer.ipdb
c:\users\ericz\desktop\sortingvisualizer\release\sortingvisualizer.iobj
c:\users\ericz\desktop\sortingvisualizer\release\sortingv.d9e0236f.tlog\cl.command.1.tlog
c:\users\ericz\desktop\sortingvisualizer\release\sortingv.d9e0236f.tlog\cl.read.1.tlog
c:\users\ericz\desktop\sortingvisualizer\release\sortingv.d9e0236f.tlog\cl.write.1.tlog
c:\users\ericz\desktop\sortingvisualizer\release\sortingv.d9e0236f.tlog\link.command.1.tlog
c:\users\ericz\desktop\sortingvisualizer\release\sortingv.d9e0236f.tlog\link.read.1.tlog
c:\users\ericz\desktop\sortingvisualizer\release\sortingv.d9e0236f.tlog\link.write.1.tlog
c:\users\ericz\desktop\sortingvisualizer\release\sortingv.d9e0236f.tlog\sortingvisualizer.write.1u.tlog
