  BinaryInsertion.cpp
C:\Users\35950\Desktop\SortingVisualizer\BinaryInsertion.cpp(62,21): warning C4018: '<': signed/unsigned mismatch
  HeapSort.cpp
  InsertionSort.cpp
C:\Users\35950\Desktop\SortingVisualizer\InsertionSort.cpp(45,21): warning C4018: '<': signed/unsigned mismatch
  main.cpp
C:\Users\35950\Desktop\SortingVisualizer\main.cpp(2,10): warning C4067: unexpected tokens following preprocessor directive - expected a newline
C:\Users\35950\Desktop\SortingVisualizer\BubbleSort.cpp(46,21): warning C4018: '<': signed/unsigned mismatch
C:\Users\35950\Desktop\SortingVisualizer\BubbleSort.cpp(47,22): warning C4018: '<': signed/unsigned mismatch
C:\Users\35950\Desktop\SortingVisualizer\main.cpp(3,10): warning C4067: unexpected tokens following preprocessor directive - expected a newline
C:\Users\35950\Desktop\SortingVisualizer\InsertionSort.cpp(45,21): warning C4018: '<': signed/unsigned mismatch
C:\Users\35950\Desktop\SortingVisualizer\main.cpp(4,10): warning C4067: unexpected tokens following preprocessor directive - expected a newline
C:\Users\35950\Desktop\SortingVisualizer\SelectionSort.cpp(45,39): warning C4018: '<': signed/unsigned mismatch
C:\Users\35950\Desktop\SortingVisualizer\SelectionSort.cpp(47,31): warning C4018: '<': signed/unsigned mismatch
C:\Users\35950\Desktop\SortingVisualizer\main.cpp(5,10): warning C4067: unexpected tokens following preprocessor directive - expected a newline
C:\Users\35950\Desktop\SortingVisualizer\main.cpp(6,10): warning C4067: unexpected tokens following preprocessor directive - expected a newline
C:\Users\35950\Desktop\SortingVisualizer\BinaryInsertion.cpp(62,21): warning C4018: '<': signed/unsigned mismatch
C:\Users\35950\Desktop\SortingVisualizer\main.cpp(8,10): warning C4067: unexpected tokens following preprocessor directive - expected a newline
C:\Users\35950\Desktop\SortingVisualizer\main.cpp(9,10): warning C4067: unexpected tokens following preprocessor directive - expected a newline
C:\Users\35950\Desktop\SortingVisualizer\RadixSort.cpp(47,21): warning C4018: '<': signed/unsigned mismatch
C:\Users\35950\Desktop\SortingVisualizer\RadixSort.cpp(63,21): warning C4018: '<': signed/unsigned mismatch
  BubbleSort.cpp
C:\Users\35950\Desktop\SortingVisualizer\BubbleSort.cpp(46,21): warning C4018: '<': signed/unsigned mismatch
C:\Users\35950\Desktop\SortingVisualizer\BubbleSort.cpp(47,22): warning C4018: '<': signed/unsigned mismatch
  MergeSort.cpp
  QuickSort.cpp
  RadixSort.cpp
C:\Users\35950\Desktop\SortingVisualizer\RadixSort.cpp(47,21): warning C4018: '<': signed/unsigned mismatch
C:\Users\35950\Desktop\SortingVisualizer\RadixSort.cpp(63,21): warning C4018: '<': signed/unsigned mismatch
  SelectionSort.cpp
C:\Users\35950\Desktop\SortingVisualizer\SelectionSort.cpp(45,39): warning C4018: '<': signed/unsigned mismatch
C:\Users\35950\Desktop\SortingVisualizer\SelectionSort.cpp(47,31): warning C4018: '<': signed/unsigned mismatch
  Generating code
  Previous IPDB was built with incompatible compiler, fall back to full compilation.
  All 285 functions were compiled because no usable IPDB/IOBJ from previous compilation was found.
  Finished generating code
  SortingVisualizer.vcxproj -> C:\Users\35950\Desktop\SortingVisualizer\Release\SortingVisualizer.exe
